[INFO] Scanning for projects...
[INFO] ------------------------------------------------------------------------
[INFO] Reactor Build Order:
[INFO] 
[INFO] root                                                               [pom]
[INFO] account-domain                                                     [jar]
[INFO] 
[INFO] -----------------------< code.example-axon:root >-----------------------
[INFO] Building root 1.0-SNAPSHOT                                         [1/2]
[INFO]   from pom.xml
[INFO] --------------------------------[ pom ]---------------------------------
[INFO] 
[INFO] --- clean:3.2.0:clean (default-clean) @ root ---
[INFO] 
[INFO] ------------------< code.example-axon:account-domain >------------------
[INFO] Building account-domain 1.0-SNAPSHOT                               [2/2]
[INFO]   from account-domain\pom.xml
[INFO] --------------------------------[ jar ]---------------------------------
[INFO] 
[INFO] --- clean:3.2.0:clean (default-clean) @ account-domain ---
[INFO] Deleting D:\code\example-axon\account-domain\target
[INFO] 
[INFO] --- resources:3.2.0:resources (default-resources) @ account-domain ---
[INFO] Using 'UTF-8' encoding to copy filtered resources.
[INFO] Using 'UTF-8' encoding to copy filtered properties files.
[INFO] Copying 1 resource
[INFO] Copying 3 resources
[INFO] 
[INFO] --- compiler:3.10.1:compile (default-compile) @ account-domain ---
[INFO] Changes detected - recompiling the module!
[INFO] Compiling 39 source files to D:\code\example-axon\account-domain\target\classes
[INFO] 
[INFO] --- resources:3.2.0:testResources (default-testResources) @ account-domain ---
[INFO] Using 'UTF-8' encoding to copy filtered resources.
[INFO] Using 'UTF-8' encoding to copy filtered properties files.
[INFO] Copying 1 resource
[INFO] 
[INFO] --- compiler:3.10.1:testCompile (default-testCompile) @ account-domain ---
[INFO] Changes detected - recompiling the module!
[INFO] Compiling 4 source files to D:\code\example-axon\account-domain\target\test-classes
[INFO] -------------------------------------------------------------
[ERROR] COMPILATION ERROR : 
[INFO] -------------------------------------------------------------
[ERROR] /D:/code/example-axon/account-domain/src/test/java/code/exampleaxon/accountdomain/command/handler/AccountCommandHandlerTest.java:[23,35] cannot infer type arguments for org.axonframework.eventsourcing.EventSourcingRepository<>
  reason: cannot infer type-variable(s) T
    (actual and formal argument lists differ in length)
[INFO] 1 error
[INFO] -------------------------------------------------------------
[INFO] ------------------------------------------------------------------------
[INFO] Reactor Summary for root 1.0-SNAPSHOT:
[INFO] 
[INFO] root ............................................... SUCCESS [  0.120 s]
[INFO] account-domain ..................................... FAILURE [  2.869 s]
[INFO] ------------------------------------------------------------------------
[INFO] BUILD FAILURE
[INFO] ------------------------------------------------------------------------
[INFO] Total time:  3.273 s
[INFO] Finished at: 2025-11-30T16:29:32+05:30
[INFO] ------------------------------------------------------------------------
[ERROR] Failed to execute goal org.apache.maven.plugins:maven-compiler-plugin:3.10.1:testCompile (default-testCompile) on project account-domain: Compilation failure
[ERROR] /D:/code/example-axon/account-domain/src/test/java/code/exampleaxon/accountdomain/command/handler/AccountCommandHandlerTest.java:[23,35] cannot infer type arguments for org.axonframework.eventsourcing.EventSourcingRepository<>
[ERROR]   reason: cannot infer type-variable(s) T
[ERROR]     (actual and formal argument lists differ in length)
[ERROR] 
[ERROR] -> [Help 1]
[ERROR] 
[ERROR] To see the full stack trace of the errors, re-run Maven with the -e switch.
[ERROR] Re-run Maven using the -X switch to enable full debug logging.
[ERROR] 
[ERROR] For more information about the errors and possible solutions, please read the following articles:
[ERROR] [Help 1] http://cwiki.apache.org/confluence/display/MAVEN/MojoFailureException
[ERROR] 
[ERROR] After correcting the problems, you can resume the build with the command
[ERROR]   mvn <args> -rf :account-domain
